[    1431ms] [ERROR] Failed to load resource: the server responded with a status of 404 (Not Found) @ http://localhost:3002/favicon.ico:0
[  372506ms] [ERROR] ./examples/react-demo/src/app/page.tsx:4:1
Module not found: Can't resolve '@yable/react'
   2 |
   3 | import { useState, useMemo } from 'react'
>  4 | import {
     | ^^^^^^^^
>  5 |   useTable,
     | ^^^^^^^^^^^
>  6 |   Table,
     | ^^^^^^^^^^^
>  7 |   Pagination,
     | ^^^^^^^^^^^
>  8 |   GlobalFilter,
     | ^^^^^^^^^^^
>  9 |   CellInput,
     | ^^^^^^^^^^^
> 10 |   CellSelect,
     | ^^^^^^^^^^^
> 11 |   CellCheckbox,
     | ^^^^^^^^^^^
> 12 |   createColumnHelper,
     | ^^^^^^^^^^^
> 13 |   type ColumnDef,
     | ^^^^^^^^^^^
> 14 |   type TableInstance,
     | ^^^^^^^^^^^
> 15 | } from '@yable/react'
     | ^^^^^^^^^^^^^^^^^^^^^^
  16 | import { people, departments, type Person } from '@/data'
  17 | import s from './page.module.css'
  18 |

Import traces:
  Client Component Browser:
    ./examples/react-demo/src/app/page.tsx [Client Component Browser]
    ./examples/react-demo/src/app/page.tsx [Server Component]

  Client Component SSR:
    ./examples/react-demo/src/app/page.tsx [Client Component SSR]
    ./examples/react-demo/src/app/page.tsx [Server Component]

https://nextjs.org/docs/messages/module-not-found @ http://localhost:3002/_next/static/chunks/42c9e_next_dist_fadb9114._.js:2359
[  662664ms] [ERROR] ./examples/react-demo/src/app/page.tsx:4:1
Module not found: Can't resolve '@yable/react'
   2 |
   3 | import { useState, useMemo } from 'react'
>  4 | import {
     | ^^^^^^^^
>  5 |   useTable,
     | ^^^^^^^^^^^
>  6 |   Table,
     | ^^^^^^^^^^^
>  7 |   Pagination,
     | ^^^^^^^^^^^
>  8 |   GlobalFilter,
     | ^^^^^^^^^^^
>  9 |   CellInput,
     | ^^^^^^^^^^^
> 10 |   CellSelect,
     | ^^^^^^^^^^^
> 11 |   CellCheckbox,
     | ^^^^^^^^^^^
> 12 |   createColumnHelper,
     | ^^^^^^^^^^^
> 13 |   type ColumnDef,
     | ^^^^^^^^^^^
> 14 |   type TableInstance,
     | ^^^^^^^^^^^
> 15 | } from '@yable/react'
     | ^^^^^^^^^^^^^^^^^^^^^^
  16 | import { people, departments, type Person } from '@/data'
  17 | import s from './page.module.css'
  18 |

Import traces:
  Client Component Browser:
    ./examples/react-demo/src/app/page.tsx [Client Component Browser]
    ./examples/react-demo/src/app/page.tsx [Server Component]

  Client Component SSR:
    ./examples/react-demo/src/app/page.tsx [Client Component SSR]
    ./examples/react-demo/src/app/page.tsx [Server Component]

https://nextjs.org/docs/messages/module-not-found @ http://localhost:3002/_next/static/chunks/42c9e_next_dist_fadb9114._.js:2359
[  663471ms] [ERROR] Failed to load resource: the server responded with a status of 500 (Internal Server Error) @ http://localhost:3002/?_rsc=fsnpp:0
[  663580ms] [ERROR] Failed to load resource: the server responded with a status of 500 (Internal Server Error) @ http://localhost:3002/:0
